# JRE version: 7.0_05-b06
# Java VM: Java HotSpot(TM) 64-Bit Server VM (23.1-b03 mixed mode windows-amd64 compressed oops)
Heap
 PSYoungGen      total 104448K, used 63420K [0x00000000f8000000, 0x0000000000000000, 0x0000000000000000)
  eden space 77824K, 63% used [0x00000000f8000000,0x00000000fb008118,0x00000000fcc00000)
  from space 26624K, 53% used [0x00000000fcc00000,0x00000000fd9e7160,0x00000000fe600000)
  to   space 26432K, 0% used [0x00000000fe630000,0x00000000fe630000,0x0000000000000000)
 ParOldGen       total 98304K, used 59135K [0x00000000e8000000, 0x00000000ee000000, 0x00000000f8000000)
  object space 98304K, 60% used [0x00000000e8000000,0x00000000eb9bfdf8,0x00000000ee000000)
 PSPermGen       total 83968K, used 71981K [0x00000000e2e00000, 0x00000000e8000000, 0x00000000e8000000)
  object space 83968K, 85% used [0x00000000e2e00000,0x00000000e744b5c8,0x00000000e8000000)
GC Heap History (10 events):
Event: 8.117 GC heap before
{Heap before GC invocations=13 (full 1):
 PSYoungGen      total 101760K, used 101746K [0x00000000f8000000, 0x00000000ffef0000, 0x0000000000000000)
  eden space 97600K, 100% used [0x00000000f8000000,0x00000000fdf50000,0x00000000fdf50000)
  from space 4160K, 99% used [0x00000000fdf50000,0x00000000fe35cbd8,0x00000000fe360000)
  to   space 16192K, 0% used [0x00000000fef20000,0x00000000fef20000,0x00000000ffef0000)
 ParOldGen       total 59392K, used 32339K [0x00000000e8000000, 0x00000000eba00000, 0x00000000f8000000)
  object space 59392K, 54% used [0x00000000e8000000,0x00000000e9f94db8,0x00000000eba00000)
 PSPermGen       total 25472K, used 24701K [0x00000000e2e00000, 0x00000000e46e0000, 0x00000000e8000000)
  object space 25472K, 96% used [0x00000000e2e00000,0x00000000e461f580,0x00000000e46e0000)
Event: 8.129 GC heap after
Heap after GC invocations=13 (full 1):
 PSYoungGen      total 113920K, used 8912K [0x00000000f8000000, 0x0000000000000000, 0x0000000000000000)
  eden space 97728K, 0% used [0x00000000f8000000,0x00000000f8000000,0x00000000fdf70000)
  from space 16192K, 55% used [0x00000000fef20000,0x00000000ff7d4230,0x00000000ffef0000)
  to   space 16064K, 0% used [0x00000000fdf70000,0x00000000fdf70000,0x00000000fef20000)
 ParOldGen       total 59392K, used 32347K [0x00000000e8000000, 0x00000000eba00000, 0x00000000f8000000)
  object space 59392K, 54% used [0x00000000e8000000,0x00000000e9f96db8,0x00000000eba00000)
 PSPermGen       total 25472K, used 24701K [0x00000000e2e00000, 0x00000000e46e0000, 0x00000000e8000000)
  object space 25472K, 96% used [0x00000000e2e00000,0x00000000e461f580,0x00000000e46e0000)
}
Event: 11.315 GC heap before
{Heap before GC invocations=14 (full 1):
 PSYoungGen      total 113920K, used 106640K [0x00000000f8000000, 0x0000000000000000, 0x0000000000000000)
  eden space 97728K, 100% used [0x00000000f8000000,0x00000000fdf70000,0x00000000fdf70000)
  from space 16192K, 55% used [0x00000000fef20000,0x00000000ff7d4230,0x00000000ffef0000)
  to   space 16064K, 0% used [0x00000000fdf70000,0x00000000fdf70000,0x00000000fef20000)
 ParOldGen       total 59392K, used 32347K [0x00000000e8000000, 0x00000000eba00000, 0x00000000f8000000)
  object space 59392K, 54% used [0x00000000e8000000,0x00000000e9f96db8,0x00000000eba00000)
 PSPermGen       total 49984K, used 49833K [0x00000000e2e00000, 0x00000000e5ed0000, 0x00000000e8000000)
  object space 49984K, 99% used [0x00000000e2e00000,0x00000000e5eaa718,0x00000000e5ed0000)
Event: 11.360 GC heap after
Heap after GC invocations=14 (full 1):
 PSYoungGen      total 113792K, used 16056K [0x00000000f8000000, 0x0000000000000000, 0x0000000000000000)
  eden space 97728K, 0% used [0x00000000f8000000,0x00000000f8000000,0x00000000fdf70000)
  from space 16064K, 99% used [0x00000000fdf70000,0x00000000fef1e328,0x00000000fef20000)
  to   space 17280K, 0% used [0x00000000fef20000,0x00000000fef20000,0x0000000000000000)
 ParOldGen       total 59392K, used 49370K [0x00000000e8000000, 0x00000000eba00000, 0x00000000f8000000)
  object space 59392K, 83% used [0x00000000e8000000,0x00000000eb036be0,0x00000000eba00000)
 PSPermGen       total 49984K, used 49833K [0x00000000e2e00000, 0x00000000e5ed0000, 0x00000000e8000000)
  object space 49984K, 99% used [0x00000000e2e00000,0x00000000e5eaa718,0x00000000e5ed0000)
}
Event: 11.360 GC heap before
{Heap before GC invocations=15 (full 2):
 PSYoungGen      total 113792K, used 16056K [0x00000000f8000000, 0x0000000000000000, 0x0000000000000000)
  eden space 97728K, 0% used [0x00000000f8000000,0x00000000f8000000,0x00000000fdf70000)
  from space 16064K, 99% used [0x00000000fdf70000,0x00000000fef1e328,0x00000000fef20000)
  to   space 17280K, 0% used [0x00000000fef20000,0x00000000fef20000,0x0000000000000000)
 ParOldGen       total 59392K, used 49370K [0x00000000e8000000, 0x00000000eba00000, 0x00000000f8000000)
  object space 59392K, 83% used [0x00000000e8000000,0x00000000eb036be0,0x00000000eba00000)
 PSPermGen       total 49984K, used 49833K [0x00000000e2e00000, 0x00000000e5ed0000, 0x00000000e8000000)
  object space 49984K, 99% used [0x00000000e2e00000,0x00000000e5eaa718,0x00000000e5ed0000)
Event: 11.514 GC heap after
Heap after GC invocations=15 (full 2):
 PSYoungGen      total 113792K, used 0K [0x00000000f8000000, 0x0000000000000000, 0x0000000000000000)
  eden space 97728K, 0% used [0x00000000f8000000,0x00000000f8000000,0x00000000fdf70000)
  from space 16064K, 0% used [0x00000000fdf70000,0x00000000fdf70000,0x00000000fef20000)
  to   space 17280K, 0% used [0x00000000fef20000,0x00000000fef20000,0x0000000000000000)
 ParOldGen       total 98304K, used 57788K [0x00000000e8000000, 0x00000000ee000000, 0x00000000f8000000)
  object space 98304K, 58% used [0x00000000e8000000,0x00000000eb86f118,0x00000000ee000000)
 PSPermGen       total 83968K, used 49807K [0x00000000e2e00000, 0x00000000e8000000, 0x00000000e8000000)
  object space 83968K, 59% used [0x00000000e2e00000,0x00000000e5ea3d68,0x00000000e8000000)
}
Event: 48.952 GC heap before
{Heap before GC invocations=16 (full 2):
 PSYoungGen      total 113792K, used 97728K [0x00000000f8000000, 0x0000000000000000, 0x0000000000000000)
  eden space 97728K, 100% used [0x00000000f8000000,0x00000000fdf70000,0x00000000fdf70000)
  from space 16064K, 0% used [0x00000000fdf70000,0x00000000fdf70000,0x00000000fef20000)
  to   space 17280K, 0% used [0x00000000fef20000,0x00000000fef20000,0x0000000000000000)
 ParOldGen       total 98304K, used 57788K [0x00000000e8000000, 0x00000000ee000000, 0x00000000f8000000)
  object space 98304K, 58% used [0x00000000e8000000,0x00000000eb86f118,0x00000000ee000000)
 PSPermGen       total 83968K, used 67472K [0x00000000e2e00000, 0x00000000e8000000, 0x00000000e8000000)
  object space 83968K, 80% used [0x00000000e2e00000,0x00000000e6fe42f8,0x00000000e8000000)
Event: 48.978 GC heap after
Heap after GC invocations=16 (full 2):
 PSYoungGen      total 95104K, used 17250K [0x00000000f8000000, 0x0000000000000000, 0x0000000000000000)
  eden space 77824K, 0% used [0x00000000f8000000,0x00000000f8000000,0x00000000fcc00000)
  from space 17280K, 99% used [0x00000000fef20000,0x00000000ffff8b98,0x0000000000000000)
  to   space 26624K, 0% used [0x00000000fcc00000,0x00000000fcc00000,0x00000000fe600000)
 ParOldGen       total 98304K, used 59127K [0x00000000e8000000, 0x00000000ee000000, 0x00000000f8000000)
  object space 98304K, 60% used [0x00000000e8000000,0x00000000eb9bddf8,0x00000000ee000000)
 PSPermGen       total 83968K, used 67472K [0x00000000e2e00000, 0x00000000e8000000, 0x00000000e8000000)
  object space 83968K, 80% used [0x00000000e2e00000,0x00000000e6fe42f8,0x00000000e8000000)
}
Event: 53.293 GC heap before
{Heap before GC invocations=17 (full 2):
 PSYoungGen      total 95104K, used 95074K [0x00000000f8000000, 0x0000000000000000, 0x0000000000000000)
  eden space 77824K, 100% used [0x00000000f8000000,0x00000000fcc00000,0x00000000fcc00000)
  from space 17280K, 99% used [0x00000000fef20000,0x00000000ffff8b98,0x0000000000000000)
  to   space 26624K, 0% used [0x00000000fcc00000,0x00000000fcc00000,0x00000000fe600000)
 ParOldGen       total 98304K, used 59127K [0x00000000e8000000, 0x00000000ee000000, 0x00000000f8000000)
  object space 98304K, 60% used [0x00000000e8000000,0x00000000eb9bddf8,0x00000000ee000000)
 PSPermGen       total 83968K, used 71473K [0x00000000e2e00000, 0x00000000e8000000, 0x00000000e8000000)
  object space 83968K, 85% used [0x00000000e2e00000,0x00000000e73cc4e8,0x00000000e8000000)
Event: 53.313 GC heap after
Heap after GC invocations=17 (full 2):
 PSYoungGen      total 104448K, used 14236K [0x00000000f8000000, 0x0000000000000000, 0x0000000000000000)
  eden space 77824K, 0% used [0x00000000f8000000,0x00000000f8000000,0x00000000fcc00000)
  from space 26624K, 53% used [0x00000000fcc00000,0x00000000fd9e7160,0x00000000fe600000)
  to   space 26432K, 0% used [0x00000000fe630000,0x00000000fe630000,0x0000000000000000)
 ParOldGen       total 98304K, used 59135K [0x00000000e8000000, 0x00000000ee000000, 0x00000000f8000000)
  object space 98304K, 60% used [0x00000000e8000000,0x00000000eb9bfdf8,0x00000000ee000000)
 PSPermGen       total 83968K, used 71473K [0x00000000e2e00000, 0x00000000e8000000, 0x00000000e8000000)
  object space 83968K, 85% used [0x00000000e2e00000,0x00000000e73cc4e8,0x00000000e8000000)
}

