# JRE version: 7.0_05-b06
# Java VM: Java HotSpot(TM) 64-Bit Server VM (23.1-b03 mixed mode windows-amd64 compressed oops)
Heap
 PSYoungGen      total 91392K, used 82329K [0x00000000f8000000, 0x0000000000000000, 0x0000000000000000)
  eden space 81536K, 88% used [0x00000000f8000000,0x00000000fc6c6880,0x00000000fcfa0000)
  from space 9856K, 99% used [0x00000000ff660000,0x00000000fffffe00,0x0000000000000000)
  to   space 24768K, 0% used [0x00000000fcfa0000,0x00000000fcfa0000,0x00000000fe7d0000)
 ParOldGen       total 74112K, used 56702K [0x00000000e8000000, 0x00000000ec860000, 0x00000000f8000000)
  object space 74112K, 76% used [0x00000000e8000000,0x00000000eb75fa50,0x00000000ec860000)
 PSPermGen       total 83968K, used 67775K [0x00000000e2e00000, 0x00000000e8000000, 0x00000000e8000000)
  object space 83968K, 80% used [0x00000000e2e00000,0x00000000e702fcd0,0x00000000e8000000)
GC Heap History (10 events):
Event: 3.981 GC heap before
{Heap before GC invocations=9 (full 0):
 PSYoungGen      total 89408K, used 86956K [0x00000000f8000000, 0x00000000fde80000, 0x0000000000000000)
  eden space 82048K, 100% used [0x00000000f8000000,0x00000000fd020000,0x00000000fd020000)
  from space 7360K, 66% used [0x00000000fd750000,0x00000000fdc1b258,0x00000000fde80000)
  to   space 7360K, 0% used [0x00000000fd020000,0x00000000fd020000,0x00000000fd750000)
 ParOldGen       total 27328K, used 12539K [0x00000000e8000000, 0x00000000e9ab0000, 0x00000000f8000000)
  object space 27328K, 45% used [0x00000000e8000000,0x00000000e8c3ee00,0x00000000e9ab0000)
 PSPermGen       total 21824K, used 21639K [0x00000000e2e00000, 0x00000000e4350000, 0x00000000e8000000)
  object space 21824K, 99% used [0x00000000e2e00000,0x00000000e4321c70,0x00000000e4350000)
Event: 3.988 GC heap after
Heap after GC invocations=9 (full 0):
 PSYoungGen      total 89408K, used 3494K [0x00000000f8000000, 0x00000000fff80000, 0x0000000000000000)
  eden space 82048K, 0% used [0x00000000f8000000,0x00000000f8000000,0x00000000fd020000)
  from space 7360K, 47% used [0x00000000fd020000,0x00000000fd3898a8,0x00000000fd750000)
  to   space 7104K, 0% used [0x00000000ff890000,0x00000000ff890000,0x00000000fff80000)
 ParOldGen       total 27328K, used 13112K [0x00000000e8000000, 0x00000000e9ab0000, 0x00000000f8000000)
  object space 27328K, 47% used [0x00000000e8000000,0x00000000e8cce000,0x00000000e9ab0000)
 PSPermGen       total 21824K, used 21639K [0x00000000e2e00000, 0x00000000e4350000, 0x00000000e8000000)
  object space 21824K, 99% used [0x00000000e2e00000,0x00000000e4321c70,0x00000000e4350000)
}
Event: 5.109 GC heap before
{Heap before GC invocations=10 (full 0):
 PSYoungGen      total 89408K, used 85542K [0x00000000f8000000, 0x00000000fff80000, 0x0000000000000000)
  eden space 82048K, 100% used [0x00000000f8000000,0x00000000fd020000,0x00000000fd020000)
  from space 7360K, 47% used [0x00000000fd020000,0x00000000fd3898a8,0x00000000fd750000)
  to   space 7104K, 0% used [0x00000000ff890000,0x00000000ff890000,0x00000000fff80000)
 ParOldGen       total 27328K, used 13112K [0x00000000e8000000, 0x00000000e9ab0000, 0x00000000f8000000)
  object space 27328K, 47% used [0x00000000e8000000,0x00000000e8cce000,0x00000000e9ab0000)
 PSPermGen       total 24512K, used 24397K [0x00000000e2e00000, 0x00000000e45f0000, 0x00000000e8000000)
  object space 24512K, 99% used [0x00000000e2e00000,0x00000000e45d37e8,0x00000000e45f0000)
Event: 5.127 GC heap after
Heap after GC invocations=10 (full 0):
 PSYoungGen      total 118464K, used 7088K [0x00000000f8000000, 0x0000000000000000, 0x0000000000000000)
  eden space 111360K, 0% used [0x00000000f8000000,0x00000000f8000000,0x00000000fecc0000)
  from space 7104K, 99% used [0x00000000ff890000,0x00000000fff7c020,0x00000000fff80000)
  to   space 9856K, 0% used [0x00000000fecc0000,0x00000000fecc0000,0x00000000ff660000)
 ParOldGen       total 27328K, used 18383K [0x00000000e8000000, 0x00000000e9ab0000, 0x00000000f8000000)
  object space 27328K, 67% used [0x00000000e8000000,0x00000000e91f3e28,0x00000000e9ab0000)
 PSPermGen       total 24512K, used 24397K [0x00000000e2e00000, 0x00000000e45f0000, 0x00000000e8000000)
  object space 24512K, 99% used [0x00000000e2e00000,0x00000000e45d37e8,0x00000000e45f0000)
}
Event: 8.550 GC heap before
{Heap before GC invocations=11 (full 0):
 PSYoungGen      total 118464K, used 118448K [0x00000000f8000000, 0x0000000000000000, 0x0000000000000000)
  eden space 111360K, 100% used [0x00000000f8000000,0x00000000fecc0000,0x00000000fecc0000)
  from space 7104K, 99% used [0x00000000ff890000,0x00000000fff7c020,0x00000000fff80000)
  to   space 9856K, 0% used [0x00000000fecc0000,0x00000000fecc0000,0x00000000ff660000)
 ParOldGen       total 27328K, used 18383K [0x00000000e8000000, 0x00000000e9ab0000, 0x00000000f8000000)
  object space 27328K, 67% used [0x00000000e8000000,0x00000000e91f3e28,0x00000000e9ab0000)
 PSPermGen       total 46912K, used 46745K [0x00000000e2e00000, 0x00000000e5bd0000, 0x00000000e8000000)
  object space 46912K, 99% used [0x00000000e2e00000,0x00000000e5ba6660,0x00000000e5bd0000)
Event: 8.587 GC heap after
Heap after GC invocations=11 (full 0):
 PSYoungGen      total 121216K, used 9831K [0x00000000f8000000, 0x0000000000000000, 0x0000000000000000)
  eden space 111360K, 0% used [0x00000000f8000000,0x00000000f8000000,0x00000000fecc0000)
  from space 9856K, 99% used [0x00000000fecc0000,0x00000000ff659e98,0x00000000ff660000)
  to   space 9856K, 0% used [0x00000000ff660000,0x00000000ff660000,0x0000000000000000)
 ParOldGen       total 44608K, used 44420K [0x00000000e8000000, 0x00000000eab90000, 0x00000000f8000000)
  object space 44608K, 99% used [0x00000000e8000000,0x00000000eab612f0,0x00000000eab90000)
 PSPermGen       total 46912K, used 46745K [0x00000000e2e00000, 0x00000000e5bd0000, 0x00000000e8000000)
  object space 46912K, 99% used [0x00000000e2e00000,0x00000000e5ba6660,0x00000000e5bd0000)
}
Event: 8.587 GC heap before
{Heap before GC invocations=12 (full 1):
 PSYoungGen      total 121216K, used 9831K [0x00000000f8000000, 0x0000000000000000, 0x0000000000000000)
  eden space 111360K, 0% used [0x00000000f8000000,0x00000000f8000000,0x00000000fecc0000)
  from space 9856K, 99% used [0x00000000fecc0000,0x00000000ff659e98,0x00000000ff660000)
  to   space 9856K, 0% used [0x00000000ff660000,0x00000000ff660000,0x0000000000000000)
 ParOldGen       total 44608K, used 44420K [0x00000000e8000000, 0x00000000eab90000, 0x00000000f8000000)
  object space 44608K, 99% used [0x00000000e8000000,0x00000000eab612f0,0x00000000eab90000)
 PSPermGen       total 46912K, used 46745K [0x00000000e2e00000, 0x00000000e5bd0000, 0x00000000e8000000)
  object space 46912K, 99% used [0x00000000e2e00000,0x00000000e5ba6660,0x00000000e5bd0000)
Event: 8.882 GC heap after
Heap after GC invocations=12 (full 1):
 PSYoungGen      total 121216K, used 3401K [0x00000000f8000000, 0x0000000000000000, 0x0000000000000000)
  eden space 111360K, 0% used [0x00000000f8000000,0x00000000f8000000,0x00000000fecc0000)
  from space 9856K, 34% used [0x00000000fecc0000,0x00000000ff012400,0x00000000ff660000)
  to   space 9856K, 0% used [0x00000000ff660000,0x00000000ff660000,0x0000000000000000)
 ParOldGen       total 74112K, used 44603K [0x00000000e8000000, 0x00000000ec860000, 0x00000000f8000000)
  object space 74112K, 60% used [0x00000000e8000000,0x00000000eab8ef08,0x00000000ec860000)
 PSPermGen       total 83968K, used 46716K [0x00000000e2e00000, 0x00000000e8000000, 0x00000000e8000000)
  object space 83968K, 55% used [0x00000000e2e00000,0x00000000e5b9f090,0x00000000e8000000)
}
Event: 158.774 GC heap before
{Heap before GC invocations=13 (full 1):
 PSYoungGen      total 121216K, used 114761K [0x00000000f8000000, 0x0000000000000000, 0x0000000000000000)
  eden space 111360K, 100% used [0x00000000f8000000,0x00000000fecc0000,0x00000000fecc0000)
  from space 9856K, 34% used [0x00000000fecc0000,0x00000000ff012400,0x00000000ff660000)
  to   space 9856K, 0% used [0x00000000ff660000,0x00000000ff660000,0x0000000000000000)
 ParOldGen       total 74112K, used 44603K [0x00000000e8000000, 0x00000000ec860000, 0x00000000f8000000)
  object space 74112K, 60% used [0x00000000e8000000,0x00000000eab8ef08,0x00000000ec860000)
 PSPermGen       total 83968K, used 61876K [0x00000000e2e00000, 0x00000000e8000000, 0x00000000e8000000)
  object space 83968K, 73% used [0x00000000e2e00000,0x00000000e6a6d080,0x00000000e8000000)
Event: 158.817 GC heap after
Heap after GC invocations=13 (full 1):
 PSYoungGen      total 91392K, used 9855K [0x00000000f8000000, 0x0000000000000000, 0x0000000000000000)
  eden space 81536K, 0% used [0x00000000f8000000,0x00000000f8000000,0x00000000fcfa0000)
  from space 9856K, 99% used [0x00000000ff660000,0x00000000fffffe00,0x0000000000000000)
  to   space 24768K, 0% used [0x00000000fcfa0000,0x00000000fcfa0000,0x00000000fe7d0000)
 ParOldGen       total 74112K, used 56702K [0x00000000e8000000, 0x00000000ec860000, 0x00000000f8000000)
  object space 74112K, 76% used [0x00000000e8000000,0x00000000eb75fa50,0x00000000ec860000)
 PSPermGen       total 83968K, used 61876K [0x00000000e2e00000, 0x00000000e8000000, 0x00000000e8000000)
  object space 83968K, 73% used [0x00000000e2e00000,0x00000000e6a6d080,0x00000000e8000000)
}

