# JRE version: 7.0_05-b06
# Java VM: Java HotSpot(TM) 64-Bit Server VM (23.1-b03 mixed mode windows-amd64 compressed oops)
Heap
 PSYoungGen      total 98496K, used 52987K [0x00000000f8000000, 0x00000000ffb70000, 0x0000000000000000)
  eden space 76096K, 52% used [0x00000000f8000000,0x00000000fa73d880,0x00000000fca50000)
  from space 22400K, 57% used [0x00000000fe590000,0x00000000ff2114c0,0x00000000ffb70000)
  to   space 25152K, 0% used [0x00000000fca50000,0x00000000fca50000,0x00000000fe2e0000)
 ParOldGen       total 83776K, used 41518K [0x00000000e8000000, 0x00000000ed1d0000, 0x00000000f8000000)
  object space 83776K, 49% used [0x00000000e8000000,0x00000000ea88ba70,0x00000000ed1d0000)
 PSPermGen       total 83712K, used 76559K [0x00000000e2e00000, 0x00000000e7fc0000, 0x00000000e8000000)
  object space 83712K, 91% used [0x00000000e2e00000,0x00000000e78c3f58,0x00000000e7fc0000)
GC Heap History (10 events):
Event: 13.054 GC heap before
{Heap before GC invocations=22 (full 2):
 PSYoungGen      total 110016K, used 90496K [0x00000000f8000000, 0x00000000fff20000, 0x0000000000000000)
  eden space 90432K, 100% used [0x00000000f8000000,0x00000000fd850000,0x00000000fd850000)
  from space 19584K, 0% used [0x00000000fd850000,0x00000000fd860000,0x00000000feb70000)
  to   space 18944K, 0% used [0x00000000feca0000,0x00000000feca0000,0x00000000fff20000)
 ParOldGen       total 83776K, used 41510K [0x00000000e8000000, 0x00000000ed1d0000, 0x00000000f8000000)
  object space 83776K, 49% used [0x00000000e8000000,0x00000000ea889a70,0x00000000ed1d0000)
 PSPermGen       total 83712K, used 59471K [0x00000000e2e00000, 0x00000000e7fc0000, 0x00000000e8000000)
  object space 83712K, 71% used [0x00000000e2e00000,0x00000000e6813cb8,0x00000000e7fc0000)
Event: 13.067 GC heap after
Heap after GC invocations=22 (full 2):
 PSYoungGen      total 111296K, used 8124K [0x00000000f8000000, 0x00000000fff40000, 0x0000000000000000)
  eden space 92352K, 0% used [0x00000000f8000000,0x00000000f8000000,0x00000000fda30000)
  from space 18944K, 42% used [0x00000000feca0000,0x00000000ff48f300,0x00000000fff20000)
  to   space 18880K, 0% used [0x00000000fda30000,0x00000000fda30000,0x00000000feca0000)
 ParOldGen       total 83776K, used 41510K [0x00000000e8000000, 0x00000000ed1d0000, 0x00000000f8000000)
  object space 83776K, 49% used [0x00000000e8000000,0x00000000ea889a70,0x00000000ed1d0000)
 PSPermGen       total 83712K, used 59471K [0x00000000e2e00000, 0x00000000e7fc0000, 0x00000000e8000000)
  object space 83712K, 71% used [0x00000000e2e00000,0x00000000e6813cb8,0x00000000e7fc0000)
}
Event: 214.838 GC heap before
{Heap before GC invocations=23 (full 2):
 PSYoungGen      total 111296K, used 100476K [0x00000000f8000000, 0x00000000fff40000, 0x0000000000000000)
  eden space 92352K, 100% used [0x00000000f8000000,0x00000000fda30000,0x00000000fda30000)
  from space 18944K, 42% used [0x00000000feca0000,0x00000000ff48f300,0x00000000fff20000)
  to   space 18880K, 0% used [0x00000000fda30000,0x00000000fda30000,0x00000000feca0000)
 ParOldGen       total 83776K, used 41510K [0x00000000e8000000, 0x00000000ed1d0000, 0x00000000f8000000)
  object space 83776K, 49% used [0x00000000e8000000,0x00000000ea889a70,0x00000000ed1d0000)
 PSPermGen       total 83712K, used 69139K [0x00000000e2e00000, 0x00000000e7fc0000, 0x00000000e8000000)
  object space 83712K, 82% used [0x00000000e2e00000,0x00000000e7184e98,0x00000000e7fc0000)
Event: 214.866 GC heap after
Heap after GC invocations=23 (full 2):
 PSYoungGen      total 111232K, used 18850K [0x00000000f8000000, 0x0000000000000000, 0x0000000000000000)
  eden space 92352K, 0% used [0x00000000f8000000,0x00000000f8000000,0x00000000fda30000)
  from space 18880K, 99% used [0x00000000fda30000,0x00000000fec98bb8,0x00000000feca0000)
  to   space 19840K, 0% used [0x00000000feca0000,0x00000000feca0000,0x0000000000000000)
 ParOldGen       total 83776K, used 41510K [0x00000000e8000000, 0x00000000ed1d0000, 0x00000000f8000000)
  object space 83776K, 49% used [0x00000000e8000000,0x00000000ea889a70,0x00000000ed1d0000)
 PSPermGen       total 83712K, used 69139K [0x00000000e2e00000, 0x00000000e7fc0000, 0x00000000e8000000)
  object space 83712K, 82% used [0x00000000e2e00000,0x00000000e7184e98,0x00000000e7fc0000)
}
Event: 521.139 GC heap before
{Heap before GC invocations=24 (full 2):
 PSYoungGen      total 111232K, used 111202K [0x00000000f8000000, 0x0000000000000000, 0x0000000000000000)
  eden space 92352K, 100% used [0x00000000f8000000,0x00000000fda30000,0x00000000fda30000)
  from space 18880K, 99% used [0x00000000fda30000,0x00000000fec98bb8,0x00000000feca0000)
  to   space 19840K, 0% used [0x00000000feca0000,0x00000000feca0000,0x0000000000000000)
 ParOldGen       total 83776K, used 41510K [0x00000000e8000000, 0x00000000ed1d0000, 0x00000000f8000000)
  object space 83776K, 49% used [0x00000000e8000000,0x00000000ea889a70,0x00000000ed1d0000)
 PSPermGen       total 83712K, used 76083K [0x00000000e2e00000, 0x00000000e7fc0000, 0x00000000e8000000)
  object space 83712K, 90% used [0x00000000e2e00000,0x00000000e784cc30,0x00000000e7fc0000)
Event: 521.181 GC heap after
Heap after GC invocations=24 (full 2):
 PSYoungGen      total 101888K, used 15657K [0x00000000f8000000, 0x0000000000000000, 0x0000000000000000)
  eden space 82048K, 0% used [0x00000000f8000000,0x00000000f8000000,0x00000000fd020000)
  from space 19840K, 78% used [0x00000000feca0000,0x00000000ffbea7f0,0x0000000000000000)
  to   space 24512K, 0% used [0x00000000fd020000,0x00000000fd020000,0x00000000fe810000)
 ParOldGen       total 83776K, used 41510K [0x00000000e8000000, 0x00000000ed1d0000, 0x00000000f8000000)
  object space 83776K, 49% used [0x00000000e8000000,0x00000000ea889a70,0x00000000ed1d0000)
 PSPermGen       total 83712K, used 76083K [0x00000000e2e00000, 0x00000000e7fc0000, 0x00000000e8000000)
  object space 83712K, 90% used [0x00000000e2e00000,0x00000000e784cc30,0x00000000e7fc0000)
}
Event: 1836.747 GC heap before
{Heap before GC invocations=25 (full 2):
 PSYoungGen      total 101888K, used 97705K [0x00000000f8000000, 0x0000000000000000, 0x0000000000000000)
  eden space 82048K, 100% used [0x00000000f8000000,0x00000000fd020000,0x00000000fd020000)
  from space 19840K, 78% used [0x00000000feca0000,0x00000000ffbea7f0,0x0000000000000000)
  to   space 24512K, 0% used [0x00000000fd020000,0x00000000fd020000,0x00000000fe810000)
 ParOldGen       total 83776K, used 41510K [0x00000000e8000000, 0x00000000ed1d0000, 0x00000000f8000000)
  object space 83776K, 49% used [0x00000000e8000000,0x00000000ea889a70,0x00000000ed1d0000)
 PSPermGen       total 83712K, used 76302K [0x00000000e2e00000, 0x00000000e7fc0000, 0x00000000e8000000)
  object space 83712K, 91% used [0x00000000e2e00000,0x00000000e7883840,0x00000000e7fc0000)
Event: 1836.804 GC heap after
Heap after GC invocations=25 (full 2):
 PSYoungGen      total 92352K, used 13330K [0x00000000f8000000, 0x00000000ffe00000, 0x0000000000000000)
  eden space 78976K, 0% used [0x00000000f8000000,0x00000000f8000000,0x00000000fcd20000)
  from space 13376K, 99% used [0x00000000fd020000,0x00000000fdd24978,0x00000000fdd30000)
  to   space 25024K, 0% used [0x00000000fe590000,0x00000000fe590000,0x00000000ffe00000)
 ParOldGen       total 83776K, used 41518K [0x00000000e8000000, 0x00000000ed1d0000, 0x00000000f8000000)
  object space 83776K, 49% used [0x00000000e8000000,0x00000000ea88ba70,0x00000000ed1d0000)
 PSPermGen       total 83712K, used 76302K [0x00000000e2e00000, 0x00000000e7fc0000, 0x00000000e8000000)
  object space 83712K, 91% used [0x00000000e2e00000,0x00000000e7883840,0x00000000e7fc0000)
}
Event: 7715.902 GC heap before
{Heap before GC invocations=26 (full 2):
 PSYoungGen      total 92352K, used 92306K [0x00000000f8000000, 0x00000000ffe00000, 0x0000000000000000)
  eden space 78976K, 100% used [0x00000000f8000000,0x00000000fcd20000,0x00000000fcd20000)
  from space 13376K, 99% used [0x00000000fd020000,0x00000000fdd24978,0x00000000fdd30000)
  to   space 25024K, 0% used [0x00000000fe590000,0x00000000fe590000,0x00000000ffe00000)
 ParOldGen       total 83776K, used 41518K [0x00000000e8000000, 0x00000000ed1d0000, 0x00000000f8000000)
  object space 83776K, 49% used [0x00000000e8000000,0x00000000ea88ba70,0x00000000ed1d0000)
 PSPermGen       total 83712K, used 76360K [0x00000000e2e00000, 0x00000000e7fc0000, 0x00000000e8000000)
  object space 83712K, 91% used [0x00000000e2e00000,0x00000000e78923c0,0x00000000e7fc0000)
Event: 7715.948 GC heap after
Heap after GC invocations=26 (full 2):
 PSYoungGen      total 98496K, used 12805K [0x00000000f8000000, 0x00000000ffb70000, 0x0000000000000000)
  eden space 76096K, 0% used [0x00000000f8000000,0x00000000f8000000,0x00000000fca50000)
  from space 22400K, 57% used [0x00000000fe590000,0x00000000ff2114c0,0x00000000ffb70000)
  to   space 25152K, 0% used [0x00000000fca50000,0x00000000fca50000,0x00000000fe2e0000)
 ParOldGen       total 83776K, used 41518K [0x00000000e8000000, 0x00000000ed1d0000, 0x00000000f8000000)
  object space 83776K, 49% used [0x00000000e8000000,0x00000000ea88ba70,0x00000000ed1d0000)
 PSPermGen       total 83712K, used 76360K [0x00000000e2e00000, 0x00000000e7fc0000, 0x00000000e8000000)
  object space 83712K, 91% used [0x00000000e2e00000,0x00000000e78923c0,0x00000000e7fc0000)
}

